# JRE version: OpenJDK Runtime Environment (8.0_202-b03) (build 1.8.0_202-release-1483-b03)
# Java VM: OpenJDK 64-Bit Server VM (25.202-b03 mixed mode windows-amd64 compressed oops)
Heap:
 PSYoungGen      total 142336K, used 6337K [0x00000000e0000000, 0x00000000ea280000, 0x0000000100000000)
  eden space 135680K, 0% used [0x00000000e0000000,0x00000000e0000000,0x00000000e8480000)
  from space 6656K, 95% used [0x00000000e9c00000,0x00000000ea2305c8,0x00000000ea280000)
  to   space 11264K, 0% used [0x00000000e8c80000,0x00000000e8c80000,0x00000000e9780000)
 ParOldGen       total 90112K, used 17013K [0x00000000a0000000, 0x00000000a5800000, 0x00000000e0000000)
  object space 90112K, 18% used [0x00000000a0000000,0x00000000a109d608,0x00000000a5800000)
 Metaspace       used 40852K, capacity 41666K, committed 41856K, reserved 1089536K
  class space    used 5520K, capacity 5751K, committed 5760K, reserved 1048576K
GC Heap History (10 events):
Event: 7.204 GC heap after
Heap after GC invocations=7 (full 1):
 PSYoungGen      total 75264K, used 0K [0x00000000e0000000, 0x00000000e5400000, 0x0000000100000000)
  eden space 65536K, 0% used [0x00000000e0000000,0x00000000e0000000,0x00000000e4000000)
  from space 9728K, 0% used [0x00000000e4a80000,0x00000000e4a80000,0x00000000e5400000)
  to   space 10240K, 0% used [0x00000000e4000000,0x00000000e4000000,0x00000000e4a00000)
 ParOldGen       total 57856K, used 8759K [0x00000000a0000000, 0x00000000a3880000, 0x00000000e0000000)
  object space 57856K, 15% used [0x00000000a0000000,0x00000000a088dd10,0x00000000a3880000)
 Metaspace       used 20696K, capacity 21162K, committed 21296K, reserved 1067008K
  class space    used 2957K, capacity 3123K, committed 3200K, reserved 1048576K
}
Event: 8.526 GC heap before
{Heap before GC invocations=8 (full 1):
 PSYoungGen      total 75264K, used 65536K [0x00000000e0000000, 0x00000000e5400000, 0x0000000100000000)
  eden space 65536K, 100% used [0x00000000e0000000,0x00000000e4000000,0x00000000e4000000)
  from space 9728K, 0% used [0x00000000e4a80000,0x00000000e4a80000,0x00000000e5400000)
  to   space 10240K, 0% used [0x00000000e4000000,0x00000000e4000000,0x00000000e4a00000)
 ParOldGen       total 57856K, used 8759K [0x00000000a0000000, 0x00000000a3880000, 0x00000000e0000000)
  object space 57856K, 15% used [0x00000000a0000000,0x00000000a088dd10,0x00000000a3880000)
 Metaspace       used 29050K, capacity 29630K, committed 30080K, reserved 1075200K
  class space    used 3915K, capacity 4100K, committed 4224K, reserved 1048576K
Event: 8.537 GC heap after
Heap after GC invocations=8 (full 1):
 PSYoungGen      total 75776K, used 7976K [0x00000000e0000000, 0x00000000e7d80000, 0x0000000100000000)
  eden space 65536K, 0% used [0x00000000e0000000,0x00000000e0000000,0x00000000e4000000)
  from space 10240K, 77% used [0x00000000e4000000,0x00000000e47ca3a0,0x00000000e4a00000)
  to   space 10240K, 0% used [0x00000000e7380000,0x00000000e7380000,0x00000000e7d80000)
 ParOldGen       total 57856K, used 8767K [0x00000000a0000000, 0x00000000a3880000, 0x00000000e0000000)
  object space 57856K, 15% used [0x00000000a0000000,0x00000000a088fd10,0x00000000a3880000)
 Metaspace       used 29050K, capacity 29630K, committed 30080K, reserved 1075200K
  class space    used 3915K, capacity 4100K, committed 4224K, reserved 1048576K
}
Event: 9.587 GC heap before
{Heap before GC invocations=9 (full 1):
 PSYoungGen      total 75776K, used 73512K [0x00000000e0000000, 0x00000000e7d80000, 0x0000000100000000)
  eden space 65536K, 100% used [0x00000000e0000000,0x00000000e4000000,0x00000000e4000000)
  from space 10240K, 77% used [0x00000000e4000000,0x00000000e47ca3a0,0x00000000e4a00000)
  to   space 10240K, 0% used [0x00000000e7380000,0x00000000e7380000,0x00000000e7d80000)
 ParOldGen       total 57856K, used 8767K [0x00000000a0000000, 0x00000000a3880000, 0x00000000e0000000)
  object space 57856K, 15% used [0x00000000a0000000,0x00000000a088fd10,0x00000000a3880000)
 Metaspace       used 32319K, capacity 32930K, committed 33152K, reserved 1077248K
  class space    used 4452K, capacity 4624K, committed 4736K, reserved 1048576K
Event: 9.599 GC heap after
Heap after GC invocations=9 (full 1):
 PSYoungGen      total 117760K, used 8601K [0x00000000e0000000, 0x00000000e7e00000, 0x0000000100000000)
  eden space 107520K, 0% used [0x00000000e0000000,0x00000000e0000000,0x00000000e6900000)
  from space 10240K, 83% used [0x00000000e7380000,0x00000000e7be65e0,0x00000000e7d80000)
  to   space 10752K, 0% used [0x00000000e6900000,0x00000000e6900000,0x00000000e7380000)
 ParOldGen       total 57856K, used 8775K [0x00000000a0000000, 0x00000000a3880000, 0x00000000e0000000)
  object space 57856K, 15% used [0x00000000a0000000,0x00000000a0891d10,0x00000000a3880000)
 Metaspace       used 32319K, capacity 32930K, committed 33152K, reserved 1077248K
  class space    used 4452K, capacity 4624K, committed 4736K, reserved 1048576K
}
Event: 11.012 GC heap before
{Heap before GC invocations=10 (full 1):
 PSYoungGen      total 117760K, used 58206K [0x00000000e0000000, 0x00000000e7e00000, 0x0000000100000000)
  eden space 107520K, 46% used [0x00000000e0000000,0x00000000e3071280,0x00000000e6900000)
  from space 10240K, 83% used [0x00000000e7380000,0x00000000e7be65e0,0x00000000e7d80000)
  to   space 10752K, 0% used [0x00000000e6900000,0x00000000e6900000,0x00000000e7380000)
 ParOldGen       total 57856K, used 8775K [0x00000000a0000000, 0x00000000a3880000, 0x00000000e0000000)
  object space 57856K, 15% used [0x00000000a0000000,0x00000000a0891d10,0x00000000a3880000)
 Metaspace       used 34644K, capacity 35376K, committed 35456K, reserved 1079296K
  class space    used 4776K, capacity 4966K, committed 4992K, reserved 1048576K
Event: 11.027 GC heap after
Heap after GC invocations=10 (full 1):
 PSYoungGen      total 118272K, used 9898K [0x00000000e0000000, 0x00000000ea780000, 0x0000000100000000)
  eden space 107520K, 0% used [0x00000000e0000000,0x00000000e0000000,0x00000000e6900000)
  from space 10752K, 92% used [0x00000000e6900000,0x00000000e72aa810,0x00000000e7380000)
  to   space 11776K, 0% used [0x00000000e9c00000,0x00000000e9c00000,0x00000000ea780000)
 ParOldGen       total 57856K, used 8783K [0x00000000a0000000, 0x00000000a3880000, 0x00000000e0000000)
  object space 57856K, 15% used [0x00000000a0000000,0x00000000a0893d10,0x00000000a3880000)
 Metaspace       used 34644K, capacity 35376K, committed 35456K, reserved 1079296K
  class space    used 4776K, capacity 4966K, committed 4992K, reserved 1048576K
}
Event: 11.027 GC heap before
{Heap before GC invocations=11 (full 2):
 PSYoungGen      total 118272K, used 9898K [0x00000000e0000000, 0x00000000ea780000, 0x0000000100000000)
  eden space 107520K, 0% used [0x00000000e0000000,0x00000000e0000000,0x00000000e6900000)
  from space 10752K, 92% used [0x00000000e6900000,0x00000000e72aa810,0x00000000e7380000)
  to   space 11776K, 0% used [0x00000000e9c00000,0x00000000e9c00000,0x00000000ea780000)
 ParOldGen       total 57856K, used 8783K [0x00000000a0000000, 0x00000000a3880000, 0x00000000e0000000)
  object space 57856K, 15% used [0x00000000a0000000,0x00000000a0893d10,0x00000000a3880000)
 Metaspace       used 34644K, capacity 35376K, committed 35456K, reserved 1079296K
  class space    used 4776K, capacity 4966K, committed 4992K, reserved 1048576K
Event: 11.113 GC heap after
Heap after GC invocations=11 (full 2):
 PSYoungGen      total 118272K, used 0K [0x00000000e0000000, 0x00000000ea780000, 0x0000000100000000)
  eden space 107520K, 0% used [0x00000000e0000000,0x00000000e0000000,0x00000000e6900000)
  from space 10752K, 0% used [0x00000000e6900000,0x00000000e6900000,0x00000000e7380000)
  to   space 11776K, 0% used [0x00000000e9c00000,0x00000000e9c00000,0x00000000ea780000)
 ParOldGen       total 90112K, used 17005K [0x00000000a0000000, 0x00000000a5800000, 0x00000000e0000000)
  object space 90112K, 18% used [0x00000000a0000000,0x00000000a109b608,0x00000000a5800000)
 Metaspace       used 34627K, capacity 35316K, committed 35456K, reserved 1079296K
  class space    used 4771K, capacity 4956K, committed 4992K, reserved 1048576K
}
Event: 12.214 GC heap before
{Heap before GC invocations=12 (full 2):
 PSYoungGen      total 118272K, used 42594K [0x00000000e0000000, 0x00000000ea780000, 0x0000000100000000)
  eden space 107520K, 39% used [0x00000000e0000000,0x00000000e29988e8,0x00000000e6900000)
  from space 10752K, 0% used [0x00000000e6900000,0x00000000e6900000,0x00000000e7380000)
  to   space 11776K, 0% used [0x00000000e9c00000,0x00000000e9c00000,0x00000000ea780000)
 ParOldGen       total 90112K, used 17005K [0x00000000a0000000, 0x00000000a5800000, 0x00000000e0000000)
  object space 90112K, 18% used [0x00000000a0000000,0x00000000a109b608,0x00000000a5800000)
 Metaspace       used 40852K, capacity 41666K, committed 41856K, reserved 1089536K
  class space    used 5520K, capacity 5751K, committed 5760K, reserved 1048576K

