# JRE version: OpenJDK Runtime Environment (8.0_202-b03) (build 1.8.0_202-release-1483-b03)
# Java VM: OpenJDK 64-Bit Server VM (25.202-b03 mixed mode windows-amd64 compressed oops)
Heap:
 PSYoungGen      total 128512K, used 104424K [0x00000000e0000000, 0x00000000eaa00000, 0x0000000100000000)
  eden space 104960K, 78% used [0x00000000e0000000,0x00000000e5079480,0x00000000e6680000)
  from space 23552K, 93% used [0x00000000e6680000,0x00000000e7c00e58,0x00000000e7d80000)
  to   space 26112K, 0% used [0x00000000e9080000,0x00000000e9080000,0x00000000eaa00000)
 ParOldGen       total 139264K, used 48071K [0x00000000a0000000, 0x00000000a8800000, 0x00000000e0000000)
  object space 139264K, 34% used [0x00000000a0000000,0x00000000a2ef1f40,0x00000000a8800000)
 Metaspace       used 81967K, capacity 85280K, committed 85504K, reserved 1124352K
  class space    used 10589K, capacity 11263K, committed 11264K, reserved 1048576K
GC Heap History (10 events):
Event: 1898.637 GC heap before
{Heap before GC invocations=20 (full 3):
 PSYoungGen      total 130560K, used 126582K [0x00000000e0000000, 0x00000000e9000000, 0x0000000100000000)
  eden space 114688K, 100% used [0x00000000e0000000,0x00000000e7000000,0x00000000e7000000)
  from space 15872K, 74% used [0x00000000e8080000,0x00000000e8c1d980,0x00000000e9000000)
  to   space 16384K, 0% used [0x00000000e7000000,0x00000000e7000000,0x00000000e8000000)
 ParOldGen       total 139264K, used 33015K [0x00000000a0000000, 0x00000000a8800000, 0x00000000e0000000)
  object space 139264K, 23% used [0x00000000a0000000,0x00000000a203dd90,0x00000000a8800000)
 Metaspace       used 72363K, capacity 75272K, committed 75520K, reserved 1114112K
  class space    used 9527K, capacity 10143K, committed 10240K, reserved 1048576K
Event: 1898.747 GC heap after
Heap after GC invocations=20 (full 3):
 PSYoungGen      total 128512K, used 16381K [0x00000000e0000000, 0x00000000e9280000, 0x0000000100000000)
  eden space 112128K, 0% used [0x00000000e0000000,0x00000000e0000000,0x00000000e6d80000)
  from space 16384K, 99% used [0x00000000e7000000,0x00000000e7fff478,0x00000000e8000000)
  to   space 18944K, 0% used [0x00000000e8000000,0x00000000e8000000,0x00000000e9280000)
 ParOldGen       total 139264K, used 34456K [0x00000000a0000000, 0x00000000a8800000, 0x00000000e0000000)
  object space 139264K, 24% used [0x00000000a0000000,0x00000000a21a61e0,0x00000000a8800000)
 Metaspace       used 72363K, capacity 75272K, committed 75520K, reserved 1114112K
  class space    used 9527K, capacity 10143K, committed 10240K, reserved 1048576K
}
Event: 1901.258 GC heap before
{Heap before GC invocations=21 (full 3):
 PSYoungGen      total 128512K, used 128324K [0x00000000e0000000, 0x00000000e9280000, 0x0000000100000000)
  eden space 112128K, 99% used [0x00000000e0000000,0x00000000e6d51d10,0x00000000e6d80000)
  from space 16384K, 99% used [0x00000000e7000000,0x00000000e7fff478,0x00000000e8000000)
  to   space 18944K, 0% used [0x00000000e8000000,0x00000000e8000000,0x00000000e9280000)
 ParOldGen       total 139264K, used 34456K [0x00000000a0000000, 0x00000000a8800000, 0x00000000e0000000)
  object space 139264K, 24% used [0x00000000a0000000,0x00000000a21a61e0,0x00000000a8800000)
 Metaspace       used 73867K, capacity 76938K, committed 77184K, reserved 1116160K
  class space    used 9652K, capacity 10274K, committed 10368K, reserved 1048576K
Event: 1901.284 GC heap after
Heap after GC invocations=21 (full 3):
 PSYoungGen      total 125952K, used 18937K [0x00000000e0000000, 0x00000000e9a00000, 0x0000000100000000)
  eden space 107008K, 0% used [0x00000000e0000000,0x00000000e0000000,0x00000000e6880000)
  from space 18944K, 99% used [0x00000000e8000000,0x00000000e927e738,0x00000000e9280000)
  to   space 24064K, 0% used [0x00000000e6880000,0x00000000e6880000,0x00000000e8000000)
 ParOldGen       total 139264K, used 40662K [0x00000000a0000000, 0x00000000a8800000, 0x00000000e0000000)
  object space 139264K, 29% used [0x00000000a0000000,0x00000000a27b59b0,0x00000000a8800000)
 Metaspace       used 73867K, capacity 76938K, committed 77184K, reserved 1116160K
  class space    used 9652K, capacity 10274K, committed 10368K, reserved 1048576K
}
Event: 1906.567 GC heap before
{Heap before GC invocations=22 (full 3):
 PSYoungGen      total 125952K, used 125945K [0x00000000e0000000, 0x00000000e9a00000, 0x0000000100000000)
  eden space 107008K, 100% used [0x00000000e0000000,0x00000000e6880000,0x00000000e6880000)
  from space 18944K, 99% used [0x00000000e8000000,0x00000000e927e738,0x00000000e9280000)
  to   space 24064K, 0% used [0x00000000e6880000,0x00000000e6880000,0x00000000e8000000)
 ParOldGen       total 139264K, used 40662K [0x00000000a0000000, 0x00000000a8800000, 0x00000000e0000000)
  object space 139264K, 29% used [0x00000000a0000000,0x00000000a27b59b0,0x00000000a8800000)
 Metaspace       used 75167K, capacity 78338K, committed 78592K, reserved 1118208K
  class space    used 9765K, capacity 10442K, committed 10496K, reserved 1048576K
Event: 1906.590 GC heap after
Heap after GC invocations=22 (full 3):
 PSYoungGen      total 119296K, used 14556K [0x00000000e0000000, 0x00000000e9500000, 0x0000000100000000)
  eden space 104448K, 0% used [0x00000000e0000000,0x00000000e0000000,0x00000000e6600000)
  from space 14848K, 98% used [0x00000000e6880000,0x00000000e76b7388,0x00000000e7700000)
  to   space 24064K, 0% used [0x00000000e7d80000,0x00000000e7d80000,0x00000000e9500000)
 ParOldGen       total 139264K, used 48055K [0x00000000a0000000, 0x00000000a8800000, 0x00000000e0000000)
  object space 139264K, 34% used [0x00000000a0000000,0x00000000a2eedf40,0x00000000a8800000)
 Metaspace       used 75167K, capacity 78338K, committed 78592K, reserved 1118208K
  class space    used 9765K, capacity 10442K, committed 10496K, reserved 1048576K
}
Event: 1907.280 GC heap before
{Heap before GC invocations=23 (full 3):
 PSYoungGen      total 119296K, used 119004K [0x00000000e0000000, 0x00000000e9500000, 0x0000000100000000)
  eden space 104448K, 100% used [0x00000000e0000000,0x00000000e6600000,0x00000000e6600000)
  from space 14848K, 98% used [0x00000000e6880000,0x00000000e76b7388,0x00000000e7700000)
  to   space 24064K, 0% used [0x00000000e7d80000,0x00000000e7d80000,0x00000000e9500000)
 ParOldGen       total 139264K, used 48055K [0x00000000a0000000, 0x00000000a8800000, 0x00000000e0000000)
  object space 139264K, 34% used [0x00000000a0000000,0x00000000a2eedf40,0x00000000a8800000)
 Metaspace       used 75212K, capacity 78402K, committed 78592K, reserved 1118208K
  class space    used 9767K, capacity 10442K, committed 10496K, reserved 1048576K
Event: 1907.300 GC heap after
Heap after GC invocations=23 (full 3):
 PSYoungGen      total 129024K, used 14384K [0x00000000e0000000, 0x00000000ea180000, 0x0000000100000000)
  eden space 104960K, 0% used [0x00000000e0000000,0x00000000e0000000,0x00000000e6680000)
  from space 24064K, 59% used [0x00000000e7d80000,0x00000000e8b8c1d8,0x00000000e9500000)
  to   space 23552K, 0% used [0x00000000e6680000,0x00000000e6680000,0x00000000e7d80000)
 ParOldGen       total 139264K, used 48063K [0x00000000a0000000, 0x00000000a8800000, 0x00000000e0000000)
  object space 139264K, 34% used [0x00000000a0000000,0x00000000a2eeff40,0x00000000a8800000)
 Metaspace       used 75212K, capacity 78402K, committed 78592K, reserved 1118208K
  class space    used 9767K, capacity 10442K, committed 10496K, reserved 1048576K
}
Event: 1910.038 GC heap before
{Heap before GC invocations=24 (full 3):
 PSYoungGen      total 129024K, used 119300K [0x00000000e0000000, 0x00000000ea180000, 0x0000000100000000)
  eden space 104960K, 99% used [0x00000000e0000000,0x00000000e66751f8,0x00000000e6680000)
  from space 24064K, 59% used [0x00000000e7d80000,0x00000000e8b8c1d8,0x00000000e9500000)
  to   space 23552K, 0% used [0x00000000e6680000,0x00000000e6680000,0x00000000e7d80000)
 ParOldGen       total 139264K, used 48063K [0x00000000a0000000, 0x00000000a8800000, 0x00000000e0000000)
  object space 139264K, 34% used [0x00000000a0000000,0x00000000a2eeff40,0x00000000a8800000)
 Metaspace       used 79198K, capacity 82342K, committed 82432K, reserved 1120256K
  class space    used 10278K, capacity 10926K, committed 11008K, reserved 1048576K
Event: 1910.122 GC heap after
Heap after GC invocations=24 (full 3):
 PSYoungGen      total 128512K, used 22019K [0x00000000e0000000, 0x00000000eaa00000, 0x0000000100000000)
  eden space 104960K, 0% used [0x00000000e0000000,0x00000000e0000000,0x00000000e6680000)
  from space 23552K, 93% used [0x00000000e6680000,0x00000000e7c00e58,0x00000000e7d80000)
  to   space 26112K, 0% used [0x00000000e9080000,0x00000000e9080000,0x00000000eaa00000)
 ParOldGen       total 139264K, used 48071K [0x00000000a0000000, 0x00000000a8800000, 0x00000000e0000000)
  object space 139264K, 34% used [0x00000000a0000000,0x00000000a2ef1f40,0x00000000a8800000)
 Metaspace       used 79198K, capacity 82342K, committed 82432K, reserved 1120256K
  class space    used 10278K, capacity 10926K, committed 11008K, reserved 1048576K
}

